app/build/intermediates/manifest_merge_blame_file/release/manifest-merger-blame-release-report.txt
1<?xml version="1.0" encoding="utf-8"?>
2<manifest xmlns:android="http://schemas.android.com/apk/res/android"
3    package="personal.droid.pychat"
4    android:versionCode="2"
5    android:versionName="2.0" >
6
7    <uses-sdk
8        android:minSdkVersion="16"
8-->src/main/AndroidManifest.xml
9        android:targetSdkVersion="29" />
9-->src/main/AndroidManifest.xml
10
11    <uses-permission android:name="android.permission.FOREGROUND_SERVICE" />
11-->src/main/AndroidManifest.xml:6:5-77
11-->src/main/AndroidManifest.xml:6:22-74
12    <uses-permission android:name="android.permission.READ_EXTERNAL_STORAGE" />
12-->src/main/AndroidManifest.xml:7:5-80
12-->src/main/AndroidManifest.xml:7:22-77
13    <uses-permission android:name="android.permission.READ_CONTACTS" />
13-->src/main/AndroidManifest.xml:8:5-72
13-->src/main/AndroidManifest.xml:8:22-69
14    <uses-permission android:name="android.permission.WRITE_EXTERNAL_STORAGE" />
14-->src/main/AndroidManifest.xml:9:5-81
14-->src/main/AndroidManifest.xml:9:22-78
15    <uses-permission android:name="android.permission.CALL_PHONE" />
15-->src/main/AndroidManifest.xml:10:5-69
15-->src/main/AndroidManifest.xml:10:22-66
16    <uses-permission android:name="android.permission.INTERNET" />
16-->src/main/AndroidManifest.xml:11:5-67
16-->src/main/AndroidManifest.xml:11:22-64
17    <uses-permission android:name="android.permission.CAMERA" />
17-->src/main/AndroidManifest.xml:12:5-65
17-->src/main/AndroidManifest.xml:12:22-62
18    <uses-permission android:name="android.permission.ACCESS_NETWORK_STATE" />
18-->src/main/AndroidManifest.xml:13:5-79
18-->src/main/AndroidManifest.xml:13:22-76
19    <uses-permission android:name="android.permission.RECORD_AUDIO" />
19-->src/main/AndroidManifest.xml:14:5-71
19-->src/main/AndroidManifest.xml:14:22-68
20    <uses-permission android:name="android.permission.VIBRATE" />
20-->src/main/AndroidManifest.xml:15:5-66
20-->src/main/AndroidManifest.xml:15:22-63
21    <uses-permission android:name="android.permission.MODIFY_AUDIO_SETTINGS" />
21-->src/main/AndroidManifest.xml:16:5-80
21-->src/main/AndroidManifest.xml:16:22-77
22    <uses-permission android:name="android.permission.READ_PHONE_STATE" />
22-->src/main/AndroidManifest.xml:17:5-75
22-->src/main/AndroidManifest.xml:17:22-72
23    <uses-permission android:name="android.permission.WAKE_LOCK" />
23-->src/main/AndroidManifest.xml:18:5-68
23-->src/main/AndroidManifest.xml:18:22-65
24    <uses-permission android:name="android.permission.DISABLE_KEYGUARD" />
24-->src/main/AndroidManifest.xml:19:5-75
24-->src/main/AndroidManifest.xml:19:22-72
25    <uses-permission android:name="android.permission.ACCESS_FINE_LOCATION" />
25-->[com.google.android.libraries.places:places:2.2.0] AndroidManifest.xml:9:5-79
25-->[com.google.android.libraries.places:places:2.2.0] AndroidManifest.xml:9:22-76
26    <uses-permission android:name="android.permission.ACCESS_WIFI_STATE" /> <!-- Required by older versions of Google Play services to create IID tokens -->
26-->[com.google.android.libraries.places:places:2.2.0] AndroidManifest.xml:10:5-76
26-->[com.google.android.libraries.places:places:2.2.0] AndroidManifest.xml:10:22-73
27    <uses-permission android:name="com.google.android.c2dm.permission.RECEIVE" />
27-->[com.google.firebase:firebase-iid:20.1.2] AndroidManifest.xml:26:5-82
27-->[com.google.firebase:firebase-iid:20.1.2] AndroidManifest.xml:26:22-79
28
29    <uses-feature
29-->[com.google.android.gms:play-services-maps:17.0.0] AndroidManifest.xml:26:5-28:35
30        android:glEsVersion="0x00020000"
30-->[com.google.android.gms:play-services-maps:17.0.0] AndroidManifest.xml:27:9-41
31        android:required="true" />
31-->[com.google.android.gms:play-services-maps:17.0.0] AndroidManifest.xml:28:9-32
32
33    <uses-permission android:name="com.google.android.finsky.permission.BIND_GET_INSTALL_REFERRER_SERVICE" />
33-->[com.google.android.gms:play-services-measurement:17.2.3] AndroidManifest.xml:26:5-110
33-->[com.google.android.gms:play-services-measurement:17.2.3] AndroidManifest.xml:26:22-107
34
35    <application
35-->src/main/AndroidManifest.xml:21:5-130:19
36        android:name="personal.droid.pychat.BaseApplication"
36-->src/main/AndroidManifest.xml:22:9-61
37        android:allowBackup="true"
37-->src/main/AndroidManifest.xml:23:9-35
38        android:appComponentFactory="androidx.core.app.CoreComponentFactory"
38-->[androidx.core:core:1.1.0] AndroidManifest.xml:24:18-86
39        android:icon="@mipmap/ic_launcher"
39-->src/main/AndroidManifest.xml:24:9-43
40        android:label="@string/app_name"
40-->src/main/AndroidManifest.xml:25:9-41
41        android:supportsRtl="true"
41-->src/main/AndroidManifest.xml:27:9-35
42        android:theme="@style/AppTheme"
42-->src/main/AndroidManifest.xml:28:9-40
43        android:usesCleartextTraffic="true" >
43-->src/main/AndroidManifest.xml:26:9-44
44        <activity
44-->src/main/AndroidManifest.xml:29:9-34:56
45            android:name="personal.droid.pychat.activities.MainActivity"
45-->src/main/AndroidManifest.xml:30:13-73
46            android:launchMode="singleTop"
46-->src/main/AndroidManifest.xml:31:13-43
47            android:screenOrientation="portrait"
47-->src/main/AndroidManifest.xml:32:13-49
48            android:windowSoftInputMode="stateHidden|adjustResize" />
48-->src/main/AndroidManifest.xml:33:13-67
49        <activity
49-->src/main/AndroidManifest.xml:35:9-44:20
50            android:name="personal.droid.pychat.activities.ChatActivity"
50-->src/main/AndroidManifest.xml:36:13-73
51            android:parentActivityName="personal.droid.pychat.activities.MainActivity"
51-->src/main/AndroidManifest.xml:37:13-87
52            android:screenOrientation="portrait"
52-->src/main/AndroidManifest.xml:38:13-49
53            android:windowSoftInputMode="stateHidden|adjustResize" >
53-->src/main/AndroidManifest.xml:40:13-67
54            <meta-data
54-->src/main/AndroidManifest.xml:41:13-43:81
55                android:name="android.support.PARENT_ACTIVITY"
55-->src/main/AndroidManifest.xml:42:17-63
56                android:value="personal.droid.pychat.activities.MainActivity" />
56-->src/main/AndroidManifest.xml:43:17-78
57        </activity>
58        <activity android:name="personal.droid.pychat.activities.ImageViewerActivity" />
58-->src/main/AndroidManifest.xml:45:9-89
58-->src/main/AndroidManifest.xml:45:19-86
59
60        <service
60-->src/main/AndroidManifest.xml:47:9-49:38
61            android:name="personal.droid.pychat.services.FirebaseChatService"
61-->src/main/AndroidManifest.xml:48:13-78
62            android:enabled="true" />
62-->src/main/AndroidManifest.xml:49:13-35
63        <service android:name="personal.droid.pychat.services.MyFirebaseMessagingService" >
63-->src/main/AndroidManifest.xml:50:9-54:19
63-->src/main/AndroidManifest.xml:50:18-90
64            <intent-filter>
64-->src/main/AndroidManifest.xml:51:13-53:29
65                <action android:name="com.google.firebase.MESSAGING_EVENT" />
65-->src/main/AndroidManifest.xml:52:17-78
65-->src/main/AndroidManifest.xml:52:25-75
66            </intent-filter>
67        </service>
68
69        <receiver
69-->src/main/AndroidManifest.xml:56:9-62:20
70            android:name="personal.droid.pychat.receivers.ConnectivityReceiver"
70-->src/main/AndroidManifest.xml:57:13-80
71            android:enabled="true" >
71-->src/main/AndroidManifest.xml:58:13-35
72            <intent-filter>
72-->src/main/AndroidManifest.xml:59:13-61:29
73                <action android:name="android.net.conn.CONNECTIVITY_CHANGE" />
73-->src/main/AndroidManifest.xml:60:17-79
73-->src/main/AndroidManifest.xml:60:25-76
74            </intent-filter>
75        </receiver>
76
77        <!-- https://developers.google.com/places/android-sdk/signup -->
78        <meta-data
78-->src/main/AndroidManifest.xml:65:9-67:51
79            android:name="com.google.android.geo.API_KEY"
79-->src/main/AndroidManifest.xml:66:13-58
80            android:value="@string/geo_api_key" />
80-->src/main/AndroidManifest.xml:67:13-48
81
82        <!-- https://developers.google.com/admob/android/quick-start#update_your_androidmanifestxml -->
83        <meta-data
83-->src/main/AndroidManifest.xml:70:9-72:52
84            android:name="com.google.android.gms.ads.APPLICATION_ID"
84-->src/main/AndroidManifest.xml:71:13-69
85            android:value="@string/admob_app_id" />
85-->src/main/AndroidManifest.xml:72:13-49
86
87        <provider
87-->src/main/AndroidManifest.xml:74:9-83:20
88            android:name="personal.droid.pychat.utils.MyFileProvider"
88-->src/main/AndroidManifest.xml:75:13-70
89            android:authorities="@string/authority"
89-->src/main/AndroidManifest.xml:76:13-52
90            android:exported="false"
90-->src/main/AndroidManifest.xml:77:13-37
91            android:grantUriPermissions="true" >
91-->src/main/AndroidManifest.xml:78:13-47
92            <meta-data
92-->src/main/AndroidManifest.xml:80:13-82:54
93                android:name="android.support.FILE_PROVIDER_PATHS"
93-->src/main/AndroidManifest.xml:81:17-67
94                android:resource="@xml/file_paths" />
94-->src/main/AndroidManifest.xml:82:17-51
95        </provider>
96
97        <activity
97-->src/main/AndroidManifest.xml:85:9-89:70
98            android:name="personal.droid.pychat.activities.ContactViewerActivity"
98-->src/main/AndroidManifest.xml:86:13-82
99            android:screenOrientation="portrait"
99-->src/main/AndroidManifest.xml:87:13-49
100            android:windowSoftInputMode="stateHidden|adjustResize" />
100-->src/main/AndroidManifest.xml:89:13-67
101        <activity
101-->src/main/AndroidManifest.xml:90:9-94:70
102            android:name="personal.droid.pychat.activities.ChatDetailActivity"
102-->src/main/AndroidManifest.xml:91:13-79
103            android:screenOrientation="portrait"
103-->src/main/AndroidManifest.xml:92:13-49
104            android:windowSoftInputMode="stateHidden|adjustResize" />
104-->src/main/AndroidManifest.xml:94:13-67
105        <activity
105-->src/main/AndroidManifest.xml:95:9-100:70
106            android:name="personal.droid.pychat.activities.SignInActivity"
106-->src/main/AndroidManifest.xml:96:13-75
107            android:screenOrientation="portrait"
107-->src/main/AndroidManifest.xml:97:13-49
108            android:theme="@style/AppTheme.NoTitle"
108-->src/main/AndroidManifest.xml:99:13-52
109            android:windowSoftInputMode="stateHidden|adjustResize" />
109-->src/main/AndroidManifest.xml:100:13-67
110        <activity
110-->src/main/AndroidManifest.xml:101:9-104:52
111            android:name="personal.droid.pychat.activities.CallScreenActivity"
111-->src/main/AndroidManifest.xml:102:13-79
112            android:screenOrientation="portrait" />
112-->src/main/AndroidManifest.xml:104:13-49
113        <activity
113-->src/main/AndroidManifest.xml:105:9-108:52
114            android:name="personal.droid.pychat.activities.IncomingCallScreenActivity"
114-->src/main/AndroidManifest.xml:106:13-87
115            android:screenOrientation="portrait" />
115-->src/main/AndroidManifest.xml:108:13-49
116        <activity
116-->src/main/AndroidManifest.xml:109:9-121:20
117            android:name="personal.droid.pychat.activities.SplashActivity"
117-->src/main/AndroidManifest.xml:110:13-75
118            android:screenOrientation="portrait"
118-->src/main/AndroidManifest.xml:112:13-49
119            android:theme="@style/AppTheme.NoTitle"
119-->src/main/AndroidManifest.xml:113:13-52
120            android:windowSoftInputMode="stateHidden|adjustResize" >
120-->src/main/AndroidManifest.xml:114:13-67
121            <intent-filter>
121-->src/main/AndroidManifest.xml:115:13-120:29
122                <action android:name="android.intent.action.VIEW" />
122-->src/main/AndroidManifest.xml:116:17-69
122-->src/main/AndroidManifest.xml:116:25-66
123                <action android:name="android.intent.action.MAIN" />
123-->src/main/AndroidManifest.xml:117:17-69
123-->src/main/AndroidManifest.xml:117:25-66
124
125                <category android:name="android.intent.category.LAUNCHER" />
125-->src/main/AndroidManifest.xml:119:17-77
125-->src/main/AndroidManifest.xml:119:27-74
126            </intent-filter>
127        </activity>
128
129        <service
129-->src/main/AndroidManifest.xml:123:9-125:40
130            android:name="personal.droid.pychat.services.FetchMyUsersService"
130-->src/main/AndroidManifest.xml:124:13-78
131            android:exported="false" />
131-->src/main/AndroidManifest.xml:125:13-37
132        <service
132-->src/main/AndroidManifest.xml:126:9-129:40
133            android:name="personal.droid.pychat.services.SinchService"
133-->src/main/AndroidManifest.xml:127:13-71
134            android:enabled="true"
134-->src/main/AndroidManifest.xml:128:13-35
135            android:exported="false" />
135-->src/main/AndroidManifest.xml:129:13-37
136        <service android:name="com.sinch.android.rtc.internal.client.fcm.InstanceIDTokenService" >
136-->[:sinch-android-rtc:3.12.5] AndroidManifest.xml:12:9-16:19
136-->[:sinch-android-rtc:3.12.5] AndroidManifest.xml:12:18-97
137            <intent-filter>
137-->[:sinch-android-rtc:3.12.5] AndroidManifest.xml:13:13-15:29
138                <action android:name="com.google.firebase.INSTANCE_ID_EVENT" />
138-->[:sinch-android-rtc:3.12.5] AndroidManifest.xml:14:17-80
138-->[:sinch-android-rtc:3.12.5] AndroidManifest.xml:14:25-77
139            </intent-filter>
140        </service>
141
142        <activity
142-->[com.google.android.libraries.places:places:2.2.0] AndroidManifest.xml:14:9-20:20
143            android:name="com.google.android.libraries.places.widget.AutocompleteActivity"
143-->[com.google.android.libraries.places:places:2.2.0] AndroidManifest.xml:15:13-91
144            android:exported="false"
144-->[com.google.android.libraries.places:places:2.2.0] AndroidManifest.xml:16:13-37
145            android:label="@string/places_autocomplete_label"
145-->[com.google.android.libraries.places:places:2.2.0] AndroidManifest.xml:17:13-62
146            android:theme="@style/PlacesAutocompleteOverlay"
146-->[com.google.android.libraries.places:places:2.2.0] AndroidManifest.xml:18:13-61
147            android:windowSoftInputMode="adjustResize" >
147-->[com.google.android.libraries.places:places:2.2.0] AndroidManifest.xml:19:13-55
148        </activity>
149
150        <service
150-->[com.google.firebase:firebase-firestore:21.4.1] AndroidManifest.xml:17:9-23:19
151            android:name="com.google.firebase.components.ComponentDiscoveryService"
151-->[com.google.firebase:firebase-firestore:21.4.1] AndroidManifest.xml:18:13-84
152            android:directBootAware="true"
152-->[com.google.firebase:firebase-common:19.3.0] AndroidManifest.xml:34:13-43
153            android:exported="false" >
153-->[com.google.firebase:firebase-firestore:21.4.1] AndroidManifest.xml:19:13-37
154            <meta-data
154-->[com.google.firebase:firebase-firestore:21.4.1] AndroidManifest.xml:20:13-22:85
155                android:name="com.google.firebase.components:com.google.firebase.firestore.FirestoreRegistrar"
155-->[com.google.firebase:firebase-firestore:21.4.1] AndroidManifest.xml:21:17-111
156                android:value="com.google.firebase.components.ComponentRegistrar" />
156-->[com.google.firebase:firebase-firestore:21.4.1] AndroidManifest.xml:22:17-82
157            <meta-data
157-->[com.google.firebase:firebase-database:19.2.1] AndroidManifest.xml:32:13-34:85
158                android:name="com.google.firebase.components:com.google.firebase.database.DatabaseRegistrar"
158-->[com.google.firebase:firebase-database:19.2.1] AndroidManifest.xml:33:17-109
159                android:value="com.google.firebase.components.ComponentRegistrar" />
159-->[com.google.firebase:firebase-database:19.2.1] AndroidManifest.xml:34:17-82
160            <meta-data
160-->[com.google.firebase:firebase-storage:19.1.1] AndroidManifest.xml:33:13-35:85
161                android:name="com.google.firebase.components:com.google.firebase.storage.StorageRegistrar"
161-->[com.google.firebase:firebase-storage:19.1.1] AndroidManifest.xml:34:17-107
162                android:value="com.google.firebase.components.ComponentRegistrar" />
162-->[com.google.firebase:firebase-storage:19.1.1] AndroidManifest.xml:35:17-82
163            <meta-data
163-->[com.google.firebase:firebase-auth:19.3.0] AndroidManifest.xml:36:13-38:85
164                android:name="com.google.firebase.components:com.google.firebase.auth.FirebaseAuthRegistrar"
164-->[com.google.firebase:firebase-auth:19.3.0] AndroidManifest.xml:37:17-109
165                android:value="com.google.firebase.components.ComponentRegistrar" />
165-->[com.google.firebase:firebase-auth:19.3.0] AndroidManifest.xml:38:17-82
166            <meta-data
166-->[com.google.firebase:firebase-messaging:20.1.3] AndroidManifest.xml:38:13-40:85
167                android:name="com.google.firebase.components:com.google.firebase.messaging.FirebaseMessagingRegistrar"
167-->[com.google.firebase:firebase-messaging:20.1.3] AndroidManifest.xml:39:17-119
168                android:value="com.google.firebase.components.ComponentRegistrar" />
168-->[com.google.firebase:firebase-messaging:20.1.3] AndroidManifest.xml:40:17-82
169            <meta-data
169-->[com.google.firebase:firebase-crashlytics:17.0.0-beta02] AndroidManifest.xml:16:13-18:85
170                android:name="com.google.firebase.components:com.google.firebase.crashlytics.CrashlyticsRegistrar"
170-->[com.google.firebase:firebase-crashlytics:17.0.0-beta02] AndroidManifest.xml:17:17-115
171                android:value="com.google.firebase.components.ComponentRegistrar" />
171-->[com.google.firebase:firebase-crashlytics:17.0.0-beta02] AndroidManifest.xml:18:17-82
172            <meta-data
172-->[com.google.firebase:firebase-datatransport:17.0.3] AndroidManifest.xml:28:13-30:85
173                android:name="com.google.firebase.components:com.google.firebase.datatransport.TransportRegistrar"
173-->[com.google.firebase:firebase-datatransport:17.0.3] AndroidManifest.xml:29:17-115
174                android:value="com.google.firebase.components.ComponentRegistrar" />
174-->[com.google.firebase:firebase-datatransport:17.0.3] AndroidManifest.xml:30:17-82
175            <meta-data
175-->[com.google.android.gms:play-services-measurement-api:17.2.3] AndroidManifest.xml:30:13-32:85
176                android:name="com.google.firebase.components:com.google.firebase.analytics.connector.internal.AnalyticsConnectorRegistrar"
176-->[com.google.android.gms:play-services-measurement-api:17.2.3] AndroidManifest.xml:31:17-139
177                android:value="com.google.firebase.components.ComponentRegistrar" />
177-->[com.google.android.gms:play-services-measurement-api:17.2.3] AndroidManifest.xml:32:17-82
178            <meta-data
178-->[com.google.firebase:firebase-iid:20.1.2] AndroidManifest.xml:32:13-34:85
179                android:name="com.google.firebase.components:com.google.firebase.iid.Registrar"
179-->[com.google.firebase:firebase-iid:20.1.2] AndroidManifest.xml:33:17-96
180                android:value="com.google.firebase.components.ComponentRegistrar" />
180-->[com.google.firebase:firebase-iid:20.1.2] AndroidManifest.xml:34:17-82
181            <meta-data
181-->[com.google.firebase:firebase-installations:16.1.0] AndroidManifest.xml:17:13-19:85
182                android:name="com.google.firebase.components:com.google.firebase.installations.FirebaseInstallationsRegistrar"
182-->[com.google.firebase:firebase-installations:16.1.0] AndroidManifest.xml:18:17-127
183                android:value="com.google.firebase.components.ComponentRegistrar" />
183-->[com.google.firebase:firebase-installations:16.1.0] AndroidManifest.xml:19:17-82
184        </service>
185
186        <activity
186-->[com.google.firebase:firebase-auth:19.3.0] AndroidManifest.xml:24:9-31:50
187            android:name="com.google.firebase.auth.internal.FederatedSignInActivity"
187-->[com.google.firebase:firebase-auth:19.3.0] AndroidManifest.xml:25:13-85
188            android:excludeFromRecents="true"
188-->[com.google.firebase:firebase-auth:19.3.0] AndroidManifest.xml:26:13-46
189            android:exported="true"
189-->[com.google.firebase:firebase-auth:19.3.0] AndroidManifest.xml:27:13-36
190            android:launchMode="singleTask"
190-->[com.google.firebase:firebase-auth:19.3.0] AndroidManifest.xml:28:13-44
191            android:permission="com.google.firebase.auth.api.gms.permission.LAUNCH_FEDERATED_SIGN_IN"
191-->[com.google.firebase:firebase-auth:19.3.0] AndroidManifest.xml:29:13-102
192            android:theme="@android:style/Theme.Translucent.NoTitleBar" />
192-->[com.google.firebase:firebase-auth:19.3.0] AndroidManifest.xml:30:13-72
193        <!--
194             FirebaseMessagingService performs security checks at runtime,
195             but set to not exported to explicitly avoid allowing another app to call it.
196        -->
197        <service
197-->[com.google.firebase:firebase-messaging:20.1.3] AndroidManifest.xml:28:9-34:19
198            android:name="com.google.firebase.messaging.FirebaseMessagingService"
198-->[com.google.firebase:firebase-messaging:20.1.3] AndroidManifest.xml:29:13-82
199            android:exported="false" >
199-->[com.google.firebase:firebase-messaging:20.1.3] AndroidManifest.xml:30:13-37
200            <intent-filter android:priority="-500" >
200-->src/main/AndroidManifest.xml:51:13-53:29
201                <action android:name="com.google.firebase.MESSAGING_EVENT" />
201-->src/main/AndroidManifest.xml:52:17-78
201-->src/main/AndroidManifest.xml:52:25-75
202            </intent-filter>
203        </service>
204
205        <provider
205-->[com.kbeanie:multipicker:1.6] AndroidManifest.xml:12:9-20:20
206            android:name="com.kbeanie.multipicker.utils.AMPFileProvider"
206-->[com.kbeanie:multipicker:1.6] AndroidManifest.xml:13:13-73
207            android:authorities="personal.droid.pychat.multipicker.fileprovider"
207-->[com.kbeanie:multipicker:1.6] AndroidManifest.xml:14:13-76
208            android:exported="false"
208-->[com.kbeanie:multipicker:1.6] AndroidManifest.xml:15:13-37
209            android:grantUriPermissions="true" >
209-->[com.kbeanie:multipicker:1.6] AndroidManifest.xml:16:13-47
210            <meta-data
210-->src/main/AndroidManifest.xml:80:13-82:54
211                android:name="android.support.FILE_PROVIDER_PATHS"
211-->src/main/AndroidManifest.xml:81:17-67
212                android:resource="@xml/paths" />
212-->src/main/AndroidManifest.xml:82:17-51
213        </provider>
214
215        <receiver
215-->[com.google.firebase:firebase-iid:20.1.2] AndroidManifest.xml:37:9-44:20
216            android:name="com.google.firebase.iid.FirebaseInstanceIdReceiver"
216-->[com.google.firebase:firebase-iid:20.1.2] AndroidManifest.xml:38:13-78
217            android:exported="true"
217-->[com.google.firebase:firebase-iid:20.1.2] AndroidManifest.xml:39:13-36
218            android:permission="com.google.android.c2dm.permission.SEND" >
218-->[com.google.firebase:firebase-iid:20.1.2] AndroidManifest.xml:40:13-73
219            <intent-filter>
219-->[com.google.firebase:firebase-iid:20.1.2] AndroidManifest.xml:41:13-43:29
220                <action android:name="com.google.android.c2dm.intent.RECEIVE" />
220-->[com.google.firebase:firebase-iid:20.1.2] AndroidManifest.xml:42:17-81
220-->[com.google.firebase:firebase-iid:20.1.2] AndroidManifest.xml:42:25-78
221            </intent-filter>
222        </receiver>
223
224        <provider
224-->[com.google.firebase:firebase-common:19.3.0] AndroidManifest.xml:26:9-30:39
225            android:name="com.google.firebase.provider.FirebaseInitProvider"
225-->[com.google.firebase:firebase-common:19.3.0] AndroidManifest.xml:27:13-77
226            android:authorities="personal.droid.pychat.firebaseinitprovider"
226-->[com.google.firebase:firebase-common:19.3.0] AndroidManifest.xml:28:13-72
227            android:exported="false"
227-->[com.google.firebase:firebase-common:19.3.0] AndroidManifest.xml:29:13-37
228            android:initOrder="100" /> <!-- Needs to be explicitly declared on P+ -->
228-->[com.google.firebase:firebase-common:19.3.0] AndroidManifest.xml:30:13-36
229        <uses-library
229-->[com.google.android.gms:play-services-maps:17.0.0] AndroidManifest.xml:33:9-35:40
230            android:name="org.apache.http.legacy"
230-->[com.google.android.gms:play-services-maps:17.0.0] AndroidManifest.xml:34:13-50
231            android:required="false" />
231-->[com.google.android.gms:play-services-maps:17.0.0] AndroidManifest.xml:35:13-37
232
233        <activity
233-->[com.google.android.gms:play-services-base:17.1.0] AndroidManifest.xml:23:9-26:75
234            android:name="com.google.android.gms.common.api.GoogleApiActivity"
234-->[com.google.android.gms:play-services-base:17.1.0] AndroidManifest.xml:24:13-79
235            android:exported="false"
235-->[com.google.android.gms:play-services-base:17.1.0] AndroidManifest.xml:25:13-37
236            android:theme="@android:style/Theme.Translucent.NoTitleBar" />
236-->[com.google.android.gms:play-services-base:17.1.0] AndroidManifest.xml:26:13-72
237
238        <receiver
238-->[com.google.android.gms:play-services-measurement:17.2.3] AndroidManifest.xml:29:9-33:20
239            android:name="com.google.android.gms.measurement.AppMeasurementReceiver"
239-->[com.google.android.gms:play-services-measurement:17.2.3] AndroidManifest.xml:30:13-85
240            android:enabled="true"
240-->[com.google.android.gms:play-services-measurement:17.2.3] AndroidManifest.xml:31:13-35
241            android:exported="false" >
241-->[com.google.android.gms:play-services-measurement:17.2.3] AndroidManifest.xml:32:13-37
242        </receiver>
243        <receiver
243-->[com.google.android.gms:play-services-measurement:17.2.3] AndroidManifest.xml:34:9-42:20
244            android:name="com.google.android.gms.measurement.AppMeasurementInstallReferrerReceiver"
244-->[com.google.android.gms:play-services-measurement:17.2.3] AndroidManifest.xml:35:13-100
245            android:enabled="true"
245-->[com.google.android.gms:play-services-measurement:17.2.3] AndroidManifest.xml:36:13-35
246            android:exported="true"
246-->[com.google.android.gms:play-services-measurement:17.2.3] AndroidManifest.xml:37:13-36
247            android:permission="android.permission.INSTALL_PACKAGES" >
247-->[com.google.android.gms:play-services-measurement:17.2.3] AndroidManifest.xml:38:13-69
248            <intent-filter>
248-->[com.google.android.gms:play-services-measurement:17.2.3] AndroidManifest.xml:39:13-41:29
249                <action android:name="com.android.vending.INSTALL_REFERRER" />
249-->[com.google.android.gms:play-services-measurement:17.2.3] AndroidManifest.xml:40:17-79
249-->[com.google.android.gms:play-services-measurement:17.2.3] AndroidManifest.xml:40:25-76
250            </intent-filter>
251        </receiver>
252
253        <service
253-->[com.google.android.gms:play-services-measurement:17.2.3] AndroidManifest.xml:44:9-47:40
254            android:name="com.google.android.gms.measurement.AppMeasurementService"
254-->[com.google.android.gms:play-services-measurement:17.2.3] AndroidManifest.xml:45:13-84
255            android:enabled="true"
255-->[com.google.android.gms:play-services-measurement:17.2.3] AndroidManifest.xml:46:13-35
256            android:exported="false" />
256-->[com.google.android.gms:play-services-measurement:17.2.3] AndroidManifest.xml:47:13-37
257        <service
257-->[com.google.android.gms:play-services-measurement:17.2.3] AndroidManifest.xml:48:9-52:72
258            android:name="com.google.android.gms.measurement.AppMeasurementJobService"
258-->[com.google.android.gms:play-services-measurement:17.2.3] AndroidManifest.xml:49:13-87
259            android:enabled="true"
259-->[com.google.android.gms:play-services-measurement:17.2.3] AndroidManifest.xml:50:13-35
260            android:exported="false"
260-->[com.google.android.gms:play-services-measurement:17.2.3] AndroidManifest.xml:51:13-37
261            android:permission="android.permission.BIND_JOB_SERVICE" /> <!-- Include the AdActivity and InAppPurchaseActivity configChanges and themes. -->
261-->[com.google.android.gms:play-services-measurement:17.2.3] AndroidManifest.xml:52:13-69
262        <activity
262-->[com.google.android.gms:play-services-ads-lite:19.0.1] AndroidManifest.xml:29:9-33:64
263            android:name="com.google.android.gms.ads.AdActivity"
263-->[com.google.android.gms:play-services-ads-lite:19.0.1] AndroidManifest.xml:30:13-65
264            android:configChanges="keyboard|keyboardHidden|orientation|screenLayout|uiMode|screenSize|smallestScreenSize"
264-->[com.google.android.gms:play-services-ads-lite:19.0.1] AndroidManifest.xml:31:13-122
265            android:exported="false"
265-->[com.google.android.gms:play-services-ads-lite:19.0.1] AndroidManifest.xml:32:13-37
266            android:theme="@android:style/Theme.Translucent" />
266-->[com.google.android.gms:play-services-ads-lite:19.0.1] AndroidManifest.xml:33:13-61
267
268        <provider
268-->[com.google.android.gms:play-services-ads-lite:19.0.1] AndroidManifest.xml:35:9-39:39
269            android:name="com.google.android.gms.ads.MobileAdsInitProvider"
269-->[com.google.android.gms:play-services-ads-lite:19.0.1] AndroidManifest.xml:36:13-76
270            android:authorities="personal.droid.pychat.mobileadsinitprovider"
270-->[com.google.android.gms:play-services-ads-lite:19.0.1] AndroidManifest.xml:37:13-73
271            android:exported="false"
271-->[com.google.android.gms:play-services-ads-lite:19.0.1] AndroidManifest.xml:38:13-37
272            android:initOrder="100" />
272-->[com.google.android.gms:play-services-ads-lite:19.0.1] AndroidManifest.xml:39:13-36
273
274        <meta-data